SF:lib/core/state/match_state.dart
DA:23,2
DA:31,4
DA:32,2
DA:33,2
DA:34,2
DA:35,2
DA:36,2
DA:39,4
DA:40,2
DA:41,2
DA:42,2
DA:43,2
DA:44,2
DA:74,1
DA:124,3
DA:137,3
DA:142,4
DA:143,2
DA:144,2
DA:145,2
DA:146,4
DA:147,2
DA:148,2
DA:149,2
DA:150,2
DA:151,2
DA:152,2
DA:153,10
DA:157,4
DA:158,2
DA:159,2
DA:160,2
DA:161,4
DA:162,2
DA:163,2
DA:164,2
DA:165,2
DA:166,2
DA:167,2
DA:168,2
DA:169,6
DA:170,2
DA:171,1
DA:201,1
DA:211,4
DA:238,0
DA:240,0
DA:241,0
DA:242,0
DA:247,0
DA:248,0
DA:249,0
DA:250,0
DA:254,0
DA:256,0
DA:260,0
DA:262,0
DA:266,0
DA:270,0
DA:271,0
DA:274,0
DA:275,0
DA:276,0
DA:279,0
DA:282,0
DA:283,0
DA:284,0
DA:285,0
DA:288,0
DA:291,0
DA:292,0
DA:294,0
DA:295,0
DA:298,0
DA:299,0
DA:300,0
DA:301,0
DA:302,0
DA:303,0
DA:304,0
DA:305,0
DA:306,0
DA:307,0
DA:308,0
DA:309,0
DA:310,0
DA:311,0
DA:312,0
DA:313,0
DA:315,0
DA:319,0
DA:321,0
DA:322,0
DA:323,0
DA:329,0
DA:331,0
DA:332,0
DA:333,0
DA:334,0
DA:335,0
DA:336,0
DA:337,0
DA:338,0
DA:339,0
DA:342,0
DA:343,0
DA:346,0
DA:348,0
DA:350,0
DA:351,0
DA:358,0
DA:367,0
DA:368,0
DA:369,0
DA:370,0
DA:371,0
DA:372,0
DA:373,0
DA:374,0
DA:376,0
DA:378,0
DA:381,0
DA:388,0
DA:390,0
DA:391,0
DA:392,0
DA:395,0
DA:400,0
DA:402,0
DA:403,0
DA:404,0
DA:405,0
DA:407,0
DA:417,0
DA:426,0
DA:427,0
DA:428,0
DA:430,0
DA:432,0
DA:433,0
DA:434,0
DA:435,0
DA:441,0
DA:442,0
DA:443,0
DA:444,0
DA:445,0
DA:446,0
DA:447,0
DA:450,0
DA:451,0
DA:453,0
DA:456,0
DA:457,0
DA:458,0
DA:461,0
DA:466,0
DA:467,0
DA:468,0
DA:469,0
DA:473,0
DA:482,0
DA:483,0
DA:484,0
DA:485,0
DA:486,0
DA:488,0
DA:491,0
DA:492,0
DA:493,0
DA:494,0
DA:495,0
DA:498,0
DA:503,0
DA:504,0
DA:505,0
DA:517,0
DA:518,0
DA:519,0
DA:526,0
DA:527,0
DA:530,0
DA:533,0
DA:536,0
DA:537,0
DA:538,0
DA:539,0
DA:541,0
DA:543,0
DA:544,0
DA:546,0
DA:552,0
DA:554,0
DA:555,0
DA:556,0
DA:557,0
DA:558,0
DA:560,0
DA:562,0
DA:563,0
DA:564,0
DA:565,0
DA:566,0
DA:567,0
DA:568,0
DA:569,0
DA:570,0
DA:572,0
DA:574,0
DA:575,0
DA:580,0
DA:582,0
DA:586,0
DA:587,0
DA:589,0
DA:590,0
DA:591,0
DA:593,0
DA:594,0
DA:595,0
DA:598,0
DA:603,0
DA:604,0
DA:605,0
DA:606,0
DA:611,0
DA:614,0
DA:615,0
DA:616,0
DA:617,0
DA:618,0
DA:621,0
DA:625,0
DA:626,0
DA:627,0
DA:629,0
DA:630,0
DA:635,0
DA:636,0
DA:640,0
DA:641,0
DA:642,0
DA:643,0
DA:645,0
DA:646,0
DA:648,0
DA:654,0
DA:655,0
DA:657,0
DA:658,0
DA:660,0
DA:667,0
DA:668,0
DA:669,0
DA:673,0
DA:674,0
DA:675,0
DA:676,0
DA:677,0
DA:678,0
DA:680,0
DA:682,0
DA:683,0
DA:684,0
DA:685,0
DA:688,0
DA:693,0
DA:700,0
DA:702,0
DA:703,0
DA:704,0
DA:706,0
DA:710,0
DA:717,0
DA:719,0
DA:720,0
DA:722,0
DA:723,0
DA:725,0
DA:726,0
DA:729,0
DA:730,0
DA:732,0
DA:733,0
DA:734,0
DA:737,0
DA:738,0
DA:740,0
DA:741,0
DA:742,0
DA:745,0
DA:746,0
DA:748,0
DA:749,0
DA:750,0
DA:753,0
DA:754,0
DA:756,0
DA:758,0
DA:760,0
DA:761,0
DA:765,0
DA:772,0
DA:774,0
DA:775,0
DA:777,0
DA:778,0
DA:780,0
DA:781,0
DA:786,0
DA:787,0
DA:788,0
DA:789,0
DA:790,0
DA:791,0
DA:793,0
DA:794,0
DA:795,0
DA:796,0
DA:801,0
DA:802,0
DA:804,0
DA:805,0
DA:806,0
DA:807,0
DA:809,0
DA:811,0
DA:819,0
DA:820,0
DA:825,0
DA:830,0
DA:831,0
DA:832,0
DA:833,0
DA:834,0
DA:835,0
DA:836,0
DA:838,0
DA:840,0
DA:841,0
DA:842,0
DA:843,0
DA:844,0
DA:845,0
DA:847,0
DA:850,0
DA:852,0
DA:864,0
DA:865,0
DA:869,0
DA:871,0
DA:872,0
DA:873,0
DA:875,0
DA:876,0
DA:877,0
DA:878,0
DA:880,0
DA:881,0
DA:882,0
DA:883,0
DA:884,0
DA:885,0
DA:886,0
DA:887,0
DA:889,0
DA:897,0
DA:898,0
DA:899,0
DA:901,0
DA:902,0
DA:903,0
DA:908,0
DA:909,0
DA:910,0
DA:912,0
DA:913,0
DA:914,0
DA:915,0
DA:916,0
DA:917,0
DA:918,0
DA:933,0
DA:934,0
DA:935,0
DA:939,0
DA:940,0
DA:943,0
DA:944,0
DA:948,0
DA:949,0
DA:953,0
DA:954,0
DA:955,0
DA:956,0
DA:959,0
DA:960,0
DA:961,0
DA:962,0
DA:965,0
DA:967,0
DA:968,0
DA:969,0
DA:971,0
DA:983,0
DA:984,0
DA:985,0
DA:986,0
DA:987,0
DA:991,0
DA:992,0
DA:995,0
DA:998,0
DA:999,0
DA:1000,0
DA:1001,0
DA:1003,0
DA:1005,0
DA:1006,0
DA:1007,0
DA:1009,0
DA:1010,0
DA:1011,0
DA:1013,0
DA:1014,0
DA:1017,0
DA:1018,0
DA:1020,0
DA:1023,0
DA:1024,0
DA:1025,0
DA:1026,0
DA:1027,0
DA:1028,0
DA:1029,0
DA:1030,0
DA:1031,0
DA:1032,0
DA:1035,0
DA:1036,0
DA:1037,0
DA:1038,0
DA:1042,0
DA:1043,0
DA:1047,0
DA:1051,0
DA:1052,0
DA:1053,0
DA:1054,0
DA:1055,0
DA:1056,0
DA:1057,0
DA:1060,0
DA:1061,0
DA:1062,0
DA:1063,0
DA:1064,0
DA:1065,0
DA:1066,0
DA:1070,0
DA:1077,0
DA:1078,0
DA:1080,0
DA:1081,0
DA:1083,0
DA:1084,0
DA:1086,0
DA:1094,0
DA:1097,0
DA:1099,0
DA:1103,0
DA:1104,0
DA:1105,0
DA:1106,0
DA:1107,0
DA:1112,0
DA:1113,0
DA:1114,0
DA:1115,0
DA:1116,0
DA:1119,0
DA:1120,0
DA:1121,0
DA:1122,0
DA:1123,0
DA:1124,0
DA:1125,0
DA:1128,0
DA:1129,0
DA:1130,0
DA:1131,0
DA:1132,0
DA:1133,0
DA:1134,0
DA:1135,0
LF:495
LH:45
end_of_record
SF:lib/core/models/models.dart
DA:63,1
DA:75,1
DA:76,1
DA:77,1
DA:78,1
DA:79,1
DA:80,2
DA:81,2
DA:82,1
DA:83,1
DA:84,1
DA:89,1
DA:90,1
DA:91,2
DA:92,2
DA:93,2
DA:94,3
DA:95,3
DA:96,3
DA:97,3
DA:98,3
DA:102,1
DA:103,1
DA:104,1
DA:106,1
DA:108,1
DA:115,1
DA:116,1
DA:117,1
DA:119,1
DA:155,1
DA:167,1
DA:168,1
DA:169,1
DA:170,1
DA:171,1
DA:172,1
DA:173,1
DA:174,2
DA:176,1
DA:177,1
DA:178,2
DA:180,1
DA:185,1
DA:186,1
DA:187,2
DA:188,2
DA:189,3
DA:190,3
DA:191,3
DA:192,4
DA:193,1
DA:241,1
DA:253,1
DA:254,1
DA:255,1
DA:256,1
DA:257,1
DA:258,1
DA:259,1
DA:260,1
DA:261,2
DA:263,1
DA:264,1
DA:265,0
DA:271,1
DA:272,1
DA:273,2
DA:274,2
DA:275,2
DA:276,2
DA:277,2
DA:278,4
DA:279,3
DA:366,1
DA:381,1
DA:382,1
DA:383,1
DA:384,1
DA:385,1
DA:386,1
DA:387,2
DA:388,1
DA:389,2
DA:390,1
DA:391,1
DA:392,1
DA:393,0
DA:395,1
DA:396,0
DA:402,1
DA:403,1
DA:404,2
DA:405,2
DA:406,2
DA:407,2
DA:408,3
DA:409,3
DA:410,3
DA:411,2
DA:412,2
DA:416,1
DA:417,1
DA:418,1
DA:420,1
DA:422,1
DA:424,1
DA:451,1
DA:460,1
DA:461,1
DA:462,1
DA:463,1
DA:464,1
DA:465,1
DA:466,1
DA:471,1
DA:472,1
DA:473,2
DA:474,2
DA:475,3
DA:476,3
DA:477,2
DA:531,1
DA:543,1
DA:544,1
DA:545,1
DA:546,1
DA:547,1
DA:548,1
DA:549,2
DA:550,1
DA:551,1
DA:552,2
DA:557,1
DA:558,1
DA:559,2
DA:560,3
DA:561,2
DA:562,2
DA:563,3
DA:564,3
DA:565,2
DA:566,3
DA:570,1
DA:571,1
DA:572,1
DA:574,1
DA:576,1
DA:578,1
DA:580,1
LF:150
LH:147
end_of_record
SF:lib/core/theme/app_theme.dart
DA:43,1
DA:44,1
DA:46,1
DA:61,1
DA:62,3
DA:83,1
DA:84,1
DA:87,2
DA:93,1
DA:94,1
DA:97,2
DA:101,1
DA:102,1
DA:104,1
DA:108,2
DA:110,1
DA:111,1
DA:114,1
DA:115,1
DA:118,1
DA:119,1
DA:122,1
DA:123,1
DA:128,1
DA:131,1
DA:132,2
DA:135,1
DA:136,1
DA:139,2
DA:142,1
DA:143,1
DA:144,0
DA:146,1
DA:147,0
DA:162,1
DA:163,1
DA:164,1
DA:165,1
DA:178,3
DA:192,1
DA:195,2
DA:197,1
DA:198,1
DA:199,0
DA:201,1
DA:202,0
LF:46
LH:42
end_of_record
